{
  "RSpec": {
    "coverage": {
      "/home/lannn/rails_tutorials/sample_app/config/environment.rb": [
        null,
        1,
        null,
        null,
        1
      ],
      "/home/lannn/rails_tutorials/sample_app/config/application.rb": [
        1,
        null,
        null,
        1,
        1,
        1,
        1,
        1,
        null,
        null,
        1,
        null,
        1,
        null,
        null,
        null,
        null,
        1,
        1,
        null,
        null,
        null,
        null,
        null,
        null,
        null,
        null,
        null,
        null,
        null,
        null,
        null,
        null,
        null,
        null,
        null,
        null,
        null,
        null,
        null,
        null,
        null,
        1,
        null,
        null,
        1,
        null,
        null,
        null,
        null,
        null,
        null,
        null,
        null,
        null,
        null,
        1,
        null,
        null,
        1,
        null,
        null,
        1,
        null,
        null
      ],
      "/home/lannn/rails_tutorials/sample_app/config/boot.rb": [
        1,
        null,
        null,
        1,
        null,
        1
      ],
      "/home/lannn/rails_tutorials/sample_app/config/environments/test.rb": [
        1,
        null,
        null,
        1,
        1,
        1,
        null,
        null,
        null,
        null,
        null,
        null,
        null,
        null,
        1,
        null,
        null,
        1,
        1,
        null,
        null,
        1,
        null,
        null,
        1,
        1,
        null,
        null,
        1,
        null,
        null,
        1,
        null,
        null,
        null,
        null,
        1,
        null,
        null,
        1,
        null,
        null,
        1,
        null
      ],
      "/home/lannn/rails_tutorials/sample_app/config/initializers/backtrace_silencers.rb": [
        null,
        null,
        null,
        null,
        null,
        null,
        null
      ],
      "/home/lannn/rails_tutorials/sample_app/config/initializers/inflections.rb": [
        null,
        null,
        null,
        null,
        null,
        null,
        null,
        null,
        null,
        null,
        null,
        null,
        null,
        null,
        null
      ],
      "/home/lannn/rails_tutorials/sample_app/config/initializers/mime_types.rb": [
        null,
        null,
        null,
        null,
        null
      ],
      "/home/lannn/rails_tutorials/sample_app/config/initializers/secret_token.rb": [
        null,
        null,
        null,
        null,
        null,
        null,
        1
      ],
      "/home/lannn/rails_tutorials/sample_app/config/initializers/session_store.rb": [
        null,
        null,
        1,
        null,
        null,
        null,
        null,
        null
      ],
      "/home/lannn/rails_tutorials/sample_app/config/initializers/wrap_parameters.rb": [
        null,
        null,
        null,
        null,
        null,
        null,
        1,
        1,
        null,
        null,
        null,
        1,
        1,
        null
      ],
      "/home/lannn/rails_tutorials/sample_app/app/controllers/application_controller.rb": [
        1,
        1,
        1,
        null
      ],
      "/home/lannn/rails_tutorials/sample_app/app/helpers/application_helper.rb": [
        1,
        null,
        null,
        1,
        0,
        0,
        0,
        null,
        0,
        null,
        null,
        null
      ],
      "/home/lannn/rails_tutorials/sample_app/app/helpers/sessions_helper.rb": [
        1,
        null,
        1,
        9,
        9,
        null,
        null,
        1,
        42,
        null,
        null,
        1,
        10,
        null,
        null,
        1,
        51,
        null,
        null,
        1,
        1,
        1,
        null,
        null
      ],
      "/home/lannn/rails_tutorials/sample_app/app/helpers/static_pages_helper.rb": [
        1,
        null
      ],
      "/home/lannn/rails_tutorials/sample_app/app/helpers/users_helper.rb": [
        1,
        null,
        null,
        1,
        11,
        11,
        11,
        11,
        null,
        null
      ],
      "/home/lannn/rails_tutorials/sample_app/app/controllers/sessions_controller.rb": [
        1,
        null,
        1,
        null,
        null,
        1,
        8,
        8,
        5,
        5,
        null,
        3,
        3,
        null,
        null,
        null,
        1,
        1,
        1,
        null,
        null
      ],
      "/home/lannn/rails_tutorials/sample_app/app/controllers/static_pages_controller.rb": [
        1,
        1,
        null,
        null,
        1,
        null,
        null,
        1,
        null,
        null,
        1,
        null,
        null
      ],
      "/home/lannn/rails_tutorials/sample_app/app/controllers/users_controller.rb": [
        1,
        null,
        1,
        11,
        null,
        null,
        1,
        7,
        null,
        null,
        1,
        5,
        5,
        4,
        4,
        4,
        null,
        1,
        null,
        null,
        null
      ],
      "/home/lannn/rails_tutorials/sample_app/app/models/user.rb": [
        null,
        null,
        null,
        null,
        null,
        null,
        null,
        null,
        null,
        null,
        null,
        1,
        1,
        1,
        null,
        17,
        1,
        null,
        1,
        1,
        1,
        null,
        1,
        1,
        null,
        1,
        null,
        1,
        16,
        null,
        null
      ],
      "/home/lannn/rails_tutorials/sample_app/spec/factories.rb": [
        1,
        1,
        1,
        1,
        1,
        1,
        null,
        null
      ],
      "/home/lannn/rails_tutorials/sample_app/config/routes.rb": [
        1,
        null,
        1,
        null,
        1,
        1,
        null,
        1,
        1,
        null,
        1,
        1,
        1,
        1,
        null,
        null,
        null,
        null,
        null,
        null,
        null,
        null,
        null,
        null,
        null,
        null,
        null,
        null,
        null,
        null,
        null,
        null,
        null,
        null,
        null,
        null,
        null,
        null,
        null,
        null,
        null,
        null,
        null,
        null,
        null,
        null,
        null,
        null,
        null,
        null,
        null,
        null,
        null,
        null,
        null,
        null,
        null,
        null,
        null,
        null,
        null,
        null,
        null,
        null,
        null,
        null,
        null,
        null,
        null,
        null,
        null,
        null
      ],
      "/home/lannn/rails_tutorials/sample_app/spec/support/utilities.rb": [
        1,
        null,
        1,
        1,
        1,
        0,
        null,
        1,
        null,
        null,
        null,
        1,
        5,
        5,
        5,
        null,
        null,
        1,
        1,
        1,
        null,
        null
      ],
      "/home/lannn/rails_tutorials/sample_app/spec/helpers/application_helper_spec.rb": [
        1,
        null,
        1,
        null,
        1,
        1,
        1,
        null,
        null,
        null
      ],
      "/home/lannn/rails_tutorials/sample_app/spec/requests/authentication_pages_spec.rb": [
        1,
        null,
        1,
        11,
        null,
        1,
        3,
        2,
        2,
        null,
        null,
        1,
        9,
        null,
        1,
        4,
        null,
        2,
        2,
        null,
        1,
        2,
        null,
        2,
        null,
        null,
        null,
        1,
        6,
        null,
        1,
        5,
        null,
        null,
        2,
        2,
        2,
        2,
        null,
        1,
        2,
        2,
        null,
        null,
        null,
        null
      ],
      "/home/lannn/rails_tutorials/sample_app/spec/requests/user_pages_spec.rb": [
        1,
        null,
        1,
        8,
        null,
        1,
        3,
        2,
        2,
        null,
        null,
        1,
        3,
        3,
        null,
        2,
        2,
        null,
        null,
        1,
        6,
        6,
        null,
        1,
        1,
        2,
        null,
        null,
        null,
        1,
        1,
        4,
        4,
        4,
        4,
        null,
        null,
        1,
        2,
        null,
        null,
        1,
        4,
        2,
        2,
        2,
        2,
        null,
        null,
        null,
        null
      ],
      "/home/lannn/rails_tutorials/sample_app/spec/requests/static_pages_spec.rb": [
        1,
        null,
        1,
        null,
        1,
        1,
        3,
        null,
        1,
        1,
        null,
        null,
        1,
        1,
        null,
        null,
        null,
        1,
        3,
        null,
        1,
        1,
        null,
        null,
        1,
        1,
        null,
        null,
        null,
        1,
        3,
        null,
        1,
        1,
        null,
        null,
        1,
        1,
        null,
        null,
        null,
        1,
        3,
        null,
        1,
        1,
        null,
        null,
        1,
        1,
        null,
        null,
        null
      ]
    },
    "timestamp": 1385699490
  }
}
